[ERROR][2013-05-06 00:02:47] JvmWatcher - Property file open error.
java.io.FileNotFoundException: nanoha (No such file or directory)
	at java.io.FileInputStream.open(Native Method)
	at java.io.FileInputStream.<init>(FileInputStream.java:137)
	at com.fasterxml.jackson.core.JsonFactory.createParser(JsonFactory.java:614)
	at org.fluentd.jvmwatcher.JvmWatcher.loadProperty(Unknown Source)
	at org.fluentd.jvmwatcher.JvmWatcher.startJvmWatcher(Unknown Source)
	at org.fluentd.jvmwatcher.JvmWatcher.main(Unknown Source)
[ERROR][2013-05-06 00:04:34] JvmWatcher - Property file open error.
java.io.FileNotFoundException: nanoha (No such file or directory)
	at java.io.FileInputStream.open(Native Method)
	at java.io.FileInputStream.<init>(FileInputStream.java:137)
	at com.fasterxml.jackson.core.JsonFactory.createParser(JsonFactory.java:614)
	at org.fluentd.jvmwatcher.JvmWatcher.loadProperty(Unknown Source)
	at org.fluentd.jvmwatcher.JvmWatcher.startJvmWatcher(Unknown Source)
	at org.fluentd.jvmwatcher.JvmWatcher.main(Unknown Source)
[ERROR][2013-05-06 00:08:40] JvmWatcher - Property file open error.
java.io.FileNotFoundException: nanoha (No such file or directory)
	at java.io.FileInputStream.open(Native Method)
	at java.io.FileInputStream.<init>(FileInputStream.java:137)
	at com.fasterxml.jackson.core.JsonFactory.createParser(JsonFactory.java:614)
	at org.fluentd.jvmwatcher.JvmWatcher.loadProperty(Unknown Source)
	at org.fluentd.jvmwatcher.JvmWatcher.startJvmWatcher(Unknown Source)
	at org.fluentd.jvmwatcher.JvmWatcher.main(Unknown Source)
[ERROR][2013-05-06 09:29:42] JvmWatcher - Property file open error.
java.io.FileNotFoundException: nanoha (No such file or directory)
	at java.io.FileInputStream.open(Native Method)
	at java.io.FileInputStream.<init>(FileInputStream.java:137)
	at com.fasterxml.jackson.core.JsonFactory.createParser(JsonFactory.java:614)
	at org.fluentd.jvmwatcher.JvmWatcher.loadProperty(Unknown Source)
	at org.fluentd.jvmwatcher.JvmWatcher.startJvmWatcher(Unknown Source)
	at org.fluentd.jvmwatcher.JvmWatcher.main(Unknown Source)
[ERROR][2013-05-06 09:32:26] JvmWatcher - Property file open error.
java.io.FileNotFoundException: nanoha (No such file or directory)
	at java.io.FileInputStream.open(Native Method)
	at java.io.FileInputStream.<init>(FileInputStream.java:137)
	at com.fasterxml.jackson.core.JsonFactory.createParser(JsonFactory.java:614)
	at org.fluentd.jvmwatcher.JvmWatcher.loadProperty(Unknown Source)
	at org.fluentd.jvmwatcher.JvmWatcher.startJvmWatcher(Unknown Source)
	at org.fluentd.jvmwatcher.JvmWatcher.main(Unknown Source)
[ERROR][2013-05-06 09:33:42] JvmWatcher - Property file open error.
java.io.FileNotFoundException: nanoha (No such file or directory)
	at java.io.FileInputStream.open(Native Method)
	at java.io.FileInputStream.<init>(FileInputStream.java:137)
	at com.fasterxml.jackson.core.JsonFactory.createParser(JsonFactory.java:614)
	at org.fluentd.jvmwatcher.JvmWatcher.loadProperty(Unknown Source)
	at org.fluentd.jvmwatcher.JvmWatcher.startJvmWatcher(Unknown Source)
	at org.fluentd.jvmwatcher.JvmWatcher.main(Unknown Source)
[ERROR][2013-05-06 09:34:35] JvmWatcher - Property file open error.
java.io.FileNotFoundException: nanoha (No such file or directory)
	at java.io.FileInputStream.open(Native Method)
	at java.io.FileInputStream.<init>(FileInputStream.java:137)
	at com.fasterxml.jackson.core.JsonFactory.createParser(JsonFactory.java:614)
	at org.fluentd.jvmwatcher.JvmWatcher.loadProperty(Unknown Source)
	at org.fluentd.jvmwatcher.JvmWatcher.startJvmWatcher(Unknown Source)
	at org.fluentd.jvmwatcher.JvmWatcher.main(Unknown Source)
[ERROR][2013-05-06 09:35:29] JvmWatcher - Property file open error.
java.io.FileNotFoundException: nanoha (No such file or directory)
	at java.io.FileInputStream.open(Native Method)
	at java.io.FileInputStream.<init>(FileInputStream.java:137)
	at com.fasterxml.jackson.core.JsonFactory.createParser(JsonFactory.java:614)
	at org.fluentd.jvmwatcher.JvmWatcher.loadProperty(Unknown Source)
	at org.fluentd.jvmwatcher.JvmWatcher.startJvmWatcher(Unknown Source)
	at org.fluentd.jvmwatcher.JvmWatcher.main(Unknown Source)
[ERROR][2013-05-06 09:38:12] JvmWatcher - Property file open error.
java.io.FileNotFoundException: nanoha (No such file or directory)
	at java.io.FileInputStream.open(Native Method)
	at java.io.FileInputStream.<init>(FileInputStream.java:137)
	at com.fasterxml.jackson.core.JsonFactory.createParser(JsonFactory.java:614)
	at org.fluentd.jvmwatcher.JvmWatcher.loadProperty(Unknown Source)
	at org.fluentd.jvmwatcher.JvmWatcher.startJvmWatcher(Unknown Source)
	at org.fluentd.jvmwatcher.JvmWatcher.main(Unknown Source)
[ERROR][2013-05-06 09:43:33] JvmWatcher - Property file open error.
java.io.FileNotFoundException: nanoha (No such file or directory)
	at java.io.FileInputStream.open(Native Method)
	at java.io.FileInputStream.<init>(FileInputStream.java:137)
	at com.fasterxml.jackson.core.JsonFactory.createParser(JsonFactory.java:614)
	at org.fluentd.jvmwatcher.JvmWatcher.loadProperty(Unknown Source)
	at org.fluentd.jvmwatcher.JvmWatcher.startJvmWatcher(Unknown Source)
	at org.fluentd.jvmwatcher.JvmWatcher.main(Unknown Source)
[ERROR][2013-05-06 09:57:19] JvmWatcher - Property file open error.
java.io.FileNotFoundException: nanoha (No such file or directory)
	at java.io.FileInputStream.open(Native Method)
	at java.io.FileInputStream.<init>(FileInputStream.java:137)
	at com.fasterxml.jackson.core.JsonFactory.createParser(JsonFactory.java:614)
	at org.fluentd.jvmwatcher.JvmWatcher.loadProperty(Unknown Source)
	at org.fluentd.jvmwatcher.JvmWatcher.startJvmWatcher(Unknown Source)
	at org.fluentd.jvmwatcher.JvmWatcher.main(Unknown Source)
[ERROR][2013-05-06 10:10:19] JvmWatcher - Property file open error.
java.io.FileNotFoundException: nanoha (No such file or directory)
	at java.io.FileInputStream.open(Native Method)
	at java.io.FileInputStream.<init>(FileInputStream.java:137)
	at com.fasterxml.jackson.core.JsonFactory.createParser(JsonFactory.java:614)
	at org.fluentd.jvmwatcher.JvmWatcher.loadProperty(Unknown Source)
	at org.fluentd.jvmwatcher.JvmWatcher.startJvmWatcher(Unknown Source)
	at org.fluentd.jvmwatcher.JvmWatcher.main(Unknown Source)
[ERROR][2013-05-06 10:15:11] JvmWatcher - Property file open error.
java.io.FileNotFoundException: nanoha (No such file or directory)
	at java.io.FileInputStream.open(Native Method)
	at java.io.FileInputStream.<init>(FileInputStream.java:137)
	at com.fasterxml.jackson.core.JsonFactory.createParser(JsonFactory.java:614)
	at org.fluentd.jvmwatcher.JvmWatcher.loadProperty(Unknown Source)
	at org.fluentd.jvmwatcher.JvmWatcher.startJvmWatcher(Unknown Source)
	at org.fluentd.jvmwatcher.JvmWatcher.main(Unknown Source)
[ERROR][2013-05-06 10:27:48] JvmWatcher - Property file open error.
java.io.FileNotFoundException: nanoha (No such file or directory)
	at java.io.FileInputStream.open(Native Method)
	at java.io.FileInputStream.<init>(FileInputStream.java:137)
	at com.fasterxml.jackson.core.JsonFactory.createParser(JsonFactory.java:614)
	at org.fluentd.jvmwatcher.JvmWatcher.loadProperty(Unknown Source)
	at org.fluentd.jvmwatcher.JvmWatcher.startJvmWatcher(Unknown Source)
	at org.fluentd.jvmwatcher.JvmWatcher.main(Unknown Source)
[ERROR][2013-05-06 10:28:30] JvmWatcher - Property file open error.
java.io.FileNotFoundException: nanoha (No such file or directory)
	at java.io.FileInputStream.open(Native Method)
	at java.io.FileInputStream.<init>(FileInputStream.java:137)
	at com.fasterxml.jackson.core.JsonFactory.createParser(JsonFactory.java:614)
	at org.fluentd.jvmwatcher.JvmWatcher.loadProperty(Unknown Source)
	at org.fluentd.jvmwatcher.JvmWatcher.startJvmWatcher(Unknown Source)
	at org.fluentd.jvmwatcher.JvmWatcher.main(Unknown Source)
[ERROR][2013-05-06 11:24:54] JvmWatcher - Property file open error.
java.io.FileNotFoundException: nanoha (No such file or directory)
	at java.io.FileInputStream.open(Native Method)
	at java.io.FileInputStream.<init>(FileInputStream.java:137)
	at com.fasterxml.jackson.core.JsonFactory.createParser(JsonFactory.java:614)
	at org.fluentd.jvmwatcher.JvmWatcher.loadProperty(Unknown Source)
	at org.fluentd.jvmwatcher.JvmWatcher.startJvmWatcher(Unknown Source)
	at org.fluentd.jvmwatcher.JvmWatcher.main(Unknown Source)
